
============================================
   Family Vault 备份脚本
============================================
备份类型: full

[0;34m[INFO][0m 备份数据库...
[0;32m[SUCCESS][0m 数据库已备份
[0;34m[INFO][0m 备份配置文件...
[0;32m[SUCCESS][0m .env 已备份
[0;32m[SUCCESS][0m docker-compose.yml 已备份
[0;34m[INFO][0m 执行完整备份...
[0;34m[INFO][0m 备份 Qdrant 向量数据...
[0;32m[SUCCESS][0m Qdrant 数据已备份
[0;34m[INFO][0m 备份邮件附件...
[0;32m[SUCCESS][0m 邮件附件已备份
[0;34m[INFO][0m 备份 secrets...
[0;32m[SUCCESS][0m secrets 已备份 (权限已限制)
[0;34m[INFO][0m 压缩备份文件...
tar: family_vault_backup_20260307_030001/secrets/gmail: Cannot stat: Permission denied
tar: Exiting with failure status due to previous errors

============================================
   Family Vault 备份脚本
============================================
备份类型: full

[0;34m[INFO][0m 检测数据库类型: sqlite
[0;34m[INFO][0m 备份数据库...
[0;32m[SUCCESS][0m SQLite 数据库已备份
[0;34m[INFO][0m 备份配置文件...
[0;32m[SUCCESS][0m .env 已备份
[0;32m[SUCCESS][0m docker-compose.yml 已备份
[0;34m[INFO][0m 执行完整备份...
[0;34m[INFO][0m 备份 Qdrant 向量数据...
[0;32m[SUCCESS][0m Qdrant 数据已备份
[0;34m[INFO][0m 备份邮件附件...
[0;32m[SUCCESS][0m 邮件附件已备份
[0;34m[INFO][0m 备份 secrets...
[0;32m[SUCCESS][0m secrets 已备份 (权限已限制)
[0;34m[INFO][0m 压缩备份文件...
tar: family_vault_backup_20260308_030001/secrets/gmail: Cannot stat: Permission denied
tar: Exiting with failure status due to previous errors
